<?xml version="1.0" encoding="UTF-8"?>
<!-- Generated by org.testng.reporters.JUnitReportReporter -->
<testsuite hostname="Salman-MacBook-Air.local" failures="0" tests="2" name="com.Test.TestngNotations" time="0.020" errors="0" timestamp="2022-01-30T14:53:48 IST" skipped="0">
  <testcase classname="com.Test.TestngNotations" name="googletitletest" time="0.012"/>
  <system-out/>
  <testcase classname="com.Test.TestngNotations" name="googlepageload" time="0.008"/>
  <system-out/>
</testsuite> <!-- com.Test.TestngNotations -->
