<?xml version="1.0" encoding="UTF-8"?>
<!-- Generated by org.testng.reporters.JUnitReportReporter -->
<testsuite hostname="Salman-MacBook-Air.local" failures="0" tests="2" name="com.Test.ParellalTesting" time="0.019" errors="0" timestamp="2022-02-03T22:43:22 IST" skipped="0">
  <testcase classname="com.Test.ParellalTesting" name="test1" time="0.010"/>
  <system-out/>
  <testcase classname="com.Test.ParellalTesting" name="test2" time="0.009"/>
  <system-out/>
</testsuite> <!-- com.Test.ParellalTesting -->
